<?xml version="1.0" encoding="UTF-8"?>
<!-- Generated by org.testng.reporters.JUnitXMLReporter -->
<testsuite ignored="0" hostname="JuanCarlosWiser" failures="0" tests="9" name="Test" time="8.088" errors="0" timestamp="2023-01-29T23:14:34 GMT-06:00">
  <testcase classname="ejemplosTestNG.PrimeraPrueba" name="test1" time="0.012"/>
  <testcase classname="ejemplosTestNG.PrimeraPrueba" name="test2" time="0.001"/>
  <testcase classname="ejemplosTestNG.PrimeraPrueba" name="test3" time="0.002"/>
  <testcase classname="ejemplosTestNG.PruebaAdicionalParaXML" name="test1" time="0.001"/>
  <testcase classname="ejemplosTestNG.PruebaAdicionalParaXML" name="test2" time="0.001"/>
  <testcase classname="ejemplosTestNG.PruebaAdicionalParaXML" name="test3" time="0.001"/>
  <testcase classname="ejemplosTestNG.AnotacionPriority" name="abrirApp" time="5.904"/>
  <testcase classname="ejemplosTestNG.AnotacionPriority" name="login" time="1.905"/>
  <testcase classname="ejemplosTestNG.AnotacionPriority" name="logout" time="0.189"/>
</testsuite> <!-- Test -->
