<?xml version="1.0" encoding="UTF-8"?>
<testng-results ignored="0" total="4" passed="4" failed="0" skipped="0">
  <reporter-output>
  </reporter-output>
  <suite started-at="2023-02-01T23:19:30 GMT-06:00" name="Suite" finished-at="2023-02-01T23:19:31 GMT-06:00" duration-ms="144">
    <groups>
    </groups>
    <test started-at="2023-02-01T23:19:30 GMT-06:00" name="Test1" finished-at="2023-02-01T23:19:31 GMT-06:00" duration-ms="58">
      <class name="ejemplosTestNG.anotaciones.ClasePrueba2ParaTest">
        <test-method signature="abc()[pri:0, instance:ejemplosTestNG.anotaciones.ClasePrueba2ParaTest@54c5a2ff]" started-at="2023-02-01T23:19:31 GMT-06:00" name="abc" finished-at="2023-02-01T23:19:31 GMT-06:00" duration-ms="6" status="PASS">
          <reporter-output>
          </reporter-output>
        </test-method> <!-- abc -->
        <test-method is-config="true" signature="metodoAfterTest()[pri:0, instance:ejemplosTestNG.anotaciones.ClasePrueba2ParaTest@54c5a2ff]" started-at="2023-02-01T23:19:31 GMT-06:00" name="metodoAfterTest" finished-at="2023-02-01T23:19:31 GMT-06:00" duration-ms="1" status="PASS">
          <reporter-output>
          </reporter-output>
        </test-method> <!-- metodoAfterTest -->
      </class> <!-- ejemplosTestNG.anotaciones.ClasePrueba2ParaTest -->
      <class name="ejemplosTestNG.anotaciones.ClasePrueba1ParaTest">
        <test-method is-config="true" signature="metodoBeforeTest()[pri:0, instance:ejemplosTestNG.anotaciones.ClasePrueba1ParaTest@449a4f23]" started-at="2023-02-01T23:19:30 GMT-06:00" name="metodoBeforeTest" finished-at="2023-02-01T23:19:30 GMT-06:00" duration-ms="0" status="PASS">
          <reporter-output>
          </reporter-output>
        </test-method> <!-- metodoBeforeTest -->
        <test-method signature="abc()[pri:0, instance:ejemplosTestNG.anotaciones.ClasePrueba1ParaTest@449a4f23]" started-at="2023-02-01T23:19:31 GMT-06:00" name="abc" finished-at="2023-02-01T23:19:31 GMT-06:00" duration-ms="1" status="PASS">
          <reporter-output>
          </reporter-output>
        </test-method> <!-- abc -->
      </class> <!-- ejemplosTestNG.anotaciones.ClasePrueba1ParaTest -->
    </test> <!-- Test1 -->
    <test started-at="2023-02-01T23:19:31 GMT-06:00" name="Test2" finished-at="2023-02-01T23:19:31 GMT-06:00" duration-ms="6">
      <class name="ejemplosTestNG.anotaciones.ClasePrueba2ParaTest">
        <test-method is-config="true" signature="metodoBeforeSuite()[pri:0, instance:ejemplosTestNG.anotaciones.ClasePrueba2ParaTest@3ba987b8]" started-at="2023-02-01T23:19:30 GMT-06:00" name="metodoBeforeSuite" finished-at="2023-02-01T23:19:30 GMT-06:00" duration-ms="11" status="PASS">
          <reporter-output>
          </reporter-output>
        </test-method> <!-- metodoBeforeSuite -->
        <test-method signature="abc()[pri:0, instance:ejemplosTestNG.anotaciones.ClasePrueba2ParaTest@3ba987b8]" started-at="2023-02-01T23:19:31 GMT-06:00" name="abc" finished-at="2023-02-01T23:19:31 GMT-06:00" duration-ms="1" status="PASS">
          <reporter-output>
          </reporter-output>
        </test-method> <!-- abc -->
        <test-method is-config="true" signature="metodoAfterTest()[pri:0, instance:ejemplosTestNG.anotaciones.ClasePrueba2ParaTest@3ba987b8]" started-at="2023-02-01T23:19:31 GMT-06:00" name="metodoAfterTest" finished-at="2023-02-01T23:19:31 GMT-06:00" duration-ms="0" status="PASS">
          <reporter-output>
          </reporter-output>
        </test-method> <!-- metodoAfterTest -->
      </class> <!-- ejemplosTestNG.anotaciones.ClasePrueba2ParaTest -->
      <class name="ejemplosTestNG.anotaciones.ClasePrueba1ParaTest">
        <test-method is-config="true" signature="metodoBeforeTest()[pri:0, instance:ejemplosTestNG.anotaciones.ClasePrueba1ParaTest@2d901eb0]" started-at="2023-02-01T23:19:31 GMT-06:00" name="metodoBeforeTest" finished-at="2023-02-01T23:19:31 GMT-06:00" duration-ms="0" status="PASS">
          <reporter-output>
          </reporter-output>
        </test-method> <!-- metodoBeforeTest -->
        <test-method signature="abc()[pri:0, instance:ejemplosTestNG.anotaciones.ClasePrueba1ParaTest@2d901eb0]" started-at="2023-02-01T23:19:31 GMT-06:00" name="abc" finished-at="2023-02-01T23:19:31 GMT-06:00" duration-ms="1" status="PASS">
          <reporter-output>
          </reporter-output>
        </test-method> <!-- abc -->
        <test-method is-config="true" signature="metodoAfterSuite()[pri:0, instance:ejemplosTestNG.anotaciones.ClasePrueba1ParaTest@2d901eb0]" started-at="2023-02-01T23:19:31 GMT-06:00" name="metodoAfterSuite" finished-at="2023-02-01T23:19:31 GMT-06:00" duration-ms="0" status="PASS">
          <reporter-output>
          </reporter-output>
        </test-method> <!-- metodoAfterSuite -->
      </class> <!-- ejemplosTestNG.anotaciones.ClasePrueba1ParaTest -->
    </test> <!-- Test2 -->
  </suite> <!-- Suite -->
</testng-results>
